# JRE version: Java(TM) SE Runtime Environment (8.0_111-b14) (build 1.8.0_111-b14)
# Java VM: Java HotSpot(TM) 64-Bit Server VM (25.111-b14 mixed mode windows-amd64 compressed oops)
Heap:
 PSYoungGen      total 76288K, used 7030K [0x000000076b400000, 0x0000000770900000, 0x00000007c0000000)
  eden space 65536K, 10% used [0x000000076b400000,0x000000076badda08,0x000000076f400000)
  from space 10752K, 0% used [0x000000076f400000,0x000000076f400000,0x000000076fe80000)
  to   space 10752K, 0% used [0x000000076fe80000,0x000000076fe80000,0x0000000770900000)
 ParOldGen       total 123392K, used 651K [0x00000006c1c00000, 0x00000006c9480000, 0x000000076b400000)
  object space 123392K, 0% used [0x00000006c1c00000,0x00000006c1ca2ec8,0x00000006c9480000)
 Metaspace       used 6114K, capacity 6530K, committed 6784K, reserved 1058816K
  class space    used 703K, capacity 798K, committed 896K, reserved 1048576K
GC Heap History (4 events):
Event: 0.176 GC heap before
{Heap before GC invocations=1 (full 0):
 PSYoungGen      total 76288K, used 3932K [0x000000076b400000, 0x0000000770900000, 0x00000007c0000000)
  eden space 65536K, 6% used [0x000000076b400000,0x000000076b7d70e0,0x000000076f400000)
  from space 10752K, 0% used [0x000000076fe80000,0x000000076fe80000,0x0000000770900000)
  to   space 10752K, 0% used [0x000000076f400000,0x000000076f400000,0x000000076fe80000)
 ParOldGen       total 175104K, used 0K [0x00000006c1c00000, 0x00000006cc700000, 0x000000076b400000)
  object space 175104K, 0% used [0x00000006c1c00000,0x00000006c1c00000,0x00000006cc700000)
 Metaspace       used 4200K, capacity 4854K, committed 4992K, reserved 1060864K
  class space    used 486K, capacity 540K, committed 640K, reserved 1048576K
Event: 0.177 GC heap after
Heap after GC invocations=1 (full 0):
 PSYoungGen      total 76288K, used 736K [0x000000076b400000, 0x0000000770900000, 0x00000007c0000000)
  eden space 65536K, 0% used [0x000000076b400000,0x000000076b400000,0x000000076f400000)
  from space 10752K, 6% used [0x000000076f400000,0x000000076f4b8000,0x000000076fe80000)
  to   space 10752K, 0% used [0x000000076fe80000,0x000000076fe80000,0x0000000770900000)
 ParOldGen       total 175104K, used 8K [0x00000006c1c00000, 0x00000006cc700000, 0x000000076b400000)
  object space 175104K, 0% used [0x00000006c1c00000,0x00000006c1c02000,0x00000006cc700000)
 Metaspace       used 4200K, capacity 4854K, committed 4992K, reserved 1060864K
  class space    used 486K, capacity 540K, committed 640K, reserved 1048576K
}
Event: 0.177 GC heap before
{Heap before GC invocations=2 (full 1):
 PSYoungGen      total 76288K, used 736K [0x000000076b400000, 0x0000000770900000, 0x00000007c0000000)
  eden space 65536K, 0% used [0x000000076b400000,0x000000076b400000,0x000000076f400000)
  from space 10752K, 6% used [0x000000076f400000,0x000000076f4b8000,0x000000076fe80000)
  to   space 10752K, 0% used [0x000000076fe80000,0x000000076fe80000,0x0000000770900000)
 ParOldGen       total 175104K, used 8K [0x00000006c1c00000, 0x00000006cc700000, 0x000000076b400000)
  object space 175104K, 0% used [0x00000006c1c00000,0x00000006c1c02000,0x00000006cc700000)
 Metaspace       used 4200K, capacity 4854K, committed 4992K, reserved 1060864K
  class space    used 486K, capacity 540K, committed 640K, reserved 1048576K
Event: 0.184 GC heap after
Heap after GC invocations=2 (full 1):
 PSYoungGen      total 76288K, used 0K [0x000000076b400000, 0x0000000770900000, 0x00000007c0000000)
  eden space 65536K, 0% used [0x000000076b400000,0x000000076b400000,0x000000076f400000)
  from space 10752K, 0% used [0x000000076f400000,0x000000076f400000,0x000000076fe80000)
  to   space 10752K, 0% used [0x000000076fe80000,0x000000076fe80000,0x0000000770900000)
 ParOldGen       total 123392K, used 651K [0x00000006c1c00000, 0x00000006c9480000, 0x000000076b400000)
  object space 123392K, 0% used [0x00000006c1c00000,0x00000006c1ca2ec8,0x00000006c9480000)
 Metaspace       used 4200K, capacity 4854K, committed 4992K, reserved 1058816K
  class space    used 486K, capacity 540K, committed 640K, reserved 1048576K
}

